This file contains any messages produced by compilers while
running configure, to aid debugging if configure makes a mistake.

It was created by OpenJDK configure openjdk, which was
generated by GNU Autoconf 2.69.  Invocation command line was

  $ /Users/jonah/opensources/openjdk/configure --enable-option-checking=fatal --with-jtreg

## --------- ##
## Platform. ##
## --------- ##

hostname = redteadjonahtao
uname -m = x86_64
uname -r = 19.5.0
uname -s = Darwin
uname -v = Darwin Kernel Version 19.5.0: Tue May 26 20:41:44 PDT 2020; root:xnu-6153.121.2~2/RELEASE_X86_64

/usr/bin/uname -p = i386
/bin/uname -X     = unknown

/bin/arch              = unknown
/usr/bin/arch -k       = unknown
/usr/convex/getsysinfo = unknown
/usr/bin/hostinfo      = Mach kernel version:
	 Darwin Kernel Version 19.5.0: Tue May 26 20:41:44 PDT 2020; root:xnu-6153.121.2~2/RELEASE_X86_64
Kernel configured for up to 8 processors.
4 processors are physically available.
8 processors are logically available.
Processor type: x86_64h (Intel x86-64h Haswell)
Processors active: 0 1 2 3 4 5 6 7
Primary memory available: 8.00 gigabytes
Default processor set: 384 tasks, 2750 threads, 8 processors
Load average: 4.22, Mach factor: 4.51
/bin/machine           = unknown
/usr/bin/oslevel       = unknown
/bin/universe          = unknown

PATH: /usr/local/bin
PATH: /usr/local/sbin
PATH: /usr/bin
PATH: /bin
PATH: /usr/sbin
PATH: /sbin
PATH: /Library/Apple/usr/bin


## ----------- ##
## Core tests. ##
## ----------- ##

configure:6212: Configuration created at Fri Jun 26 12:37:29 CST 2020.
configure:6233: checking for basename
configure:6251: found /usr/bin/basename
configure:6263: result: /usr/bin/basename
configure:6507: checking for bash
configure:6537: result: /bin/bash
configure:6665: checking for cat
configure:6683: found /bin/cat
configure:6695: result: /bin/cat
configure:6881: checking for chmod
configure:6899: found /bin/chmod
configure:6911: result: /bin/chmod
configure:7097: checking for cmp
configure:7115: found /usr/bin/cmp
configure:7127: result: /usr/bin/cmp
configure:7313: checking for comm
configure:7331: found /usr/bin/comm
configure:7343: result: /usr/bin/comm
configure:7529: checking for cp
configure:7547: found /bin/cp
configure:7559: result: /bin/cp
configure:7745: checking for cut
configure:7763: found /usr/bin/cut
configure:7775: result: /usr/bin/cut
configure:7961: checking for date
configure:7979: found /bin/date
configure:7991: result: /bin/date
configure:8177: checking for gdiff
configure:8210: result: no
configure:8177: checking for diff
configure:8195: found /usr/bin/diff
configure:8207: result: /usr/bin/diff
configure:8393: checking for dirname
configure:8411: found /usr/bin/dirname
configure:8423: result: /usr/bin/dirname
configure:8609: checking for echo
configure:8627: found /bin/echo
configure:8639: result: /bin/echo
configure:8825: checking for expr
configure:8843: found /bin/expr
configure:8855: result: /bin/expr
configure:9041: checking for file
configure:9059: found /usr/bin/file
configure:9071: result: /usr/bin/file
configure:9257: checking for find
configure:9275: found /usr/bin/find
configure:9287: result: /usr/bin/find
configure:9473: checking for head
configure:9491: found /usr/bin/head
configure:9503: result: /usr/bin/head
configure:9689: checking for gunzip
configure:9707: found /usr/bin/gunzip
configure:9719: result: /usr/bin/gunzip
configure:9905: checking for pigz
configure:9938: result: no
configure:9905: checking for gzip
configure:9923: found /usr/bin/gzip
configure:9935: result: /usr/bin/gzip
configure:10121: checking for ln
configure:10139: found /bin/ln
configure:10151: result: /bin/ln
configure:10337: checking for ls
configure:10355: found /bin/ls
configure:10367: result: /bin/ls
configure:10554: checking for gmkdir
configure:10587: result: no
configure:10554: checking for mkdir
configure:10572: found /bin/mkdir
configure:10584: result: /bin/mkdir
configure:10770: checking for mktemp
configure:10788: found /usr/bin/mktemp
configure:10800: result: /usr/bin/mktemp
configure:10986: checking for mv
configure:11004: found /bin/mv
configure:11016: result: /bin/mv
configure:11202: checking for nawk
configure:11235: result: no
configure:11202: checking for gawk
configure:11235: result: no
configure:11202: checking for awk
configure:11220: found /usr/bin/awk
configure:11232: result: /usr/bin/awk
configure:11418: checking for printf
configure:11436: found /usr/bin/printf
configure:11448: result: /usr/bin/printf
configure:11634: checking for greadlink
configure:11667: result: no
configure:11634: checking for readlink
configure:11652: found /usr/bin/readlink
configure:11664: result: /usr/bin/readlink
configure:11850: checking for rm
configure:11868: found /bin/rm
configure:11880: result: /bin/rm
configure:12066: checking for rmdir
configure:12084: found /bin/rmdir
configure:12096: result: /bin/rmdir
configure:12282: checking for sh
configure:12300: found /bin/sh
configure:12312: result: /bin/sh
configure:12498: checking for sort
configure:12516: found /usr/bin/sort
configure:12528: result: /usr/bin/sort
configure:12714: checking for tail
configure:12732: found /usr/bin/tail
configure:12744: result: /usr/bin/tail
configure:12930: checking for gtar
configure:12963: result: no
configure:12930: checking for tar
configure:12948: found /usr/bin/tar
configure:12960: result: /usr/bin/tar
configure:13146: checking for tee
configure:13164: found /usr/bin/tee
configure:13176: result: /usr/bin/tee
configure:13362: checking for touch
configure:13380: found /usr/bin/touch
configure:13392: result: /usr/bin/touch
configure:13578: checking for tr
configure:13596: found /usr/bin/tr
configure:13608: result: /usr/bin/tr
configure:13794: checking for uname
configure:13812: found /usr/bin/uname
configure:13824: result: /usr/bin/uname
configure:14010: checking for uniq
configure:14028: found /usr/bin/uniq
configure:14040: result: /usr/bin/uniq
configure:14226: checking for wc
configure:14244: found /usr/bin/wc
configure:14256: result: /usr/bin/wc
configure:14442: checking for which
configure:14460: found /usr/bin/which
configure:14472: result: /usr/bin/which
configure:14658: checking for xargs
configure:14676: found /usr/bin/xargs
configure:14688: result: /usr/bin/xargs
configure:14875: checking for gawk
configure:14905: result: no
configure:14875: checking for mawk
configure:14905: result: no
configure:14875: checking for nawk
configure:14905: result: no
configure:14875: checking for awk
configure:14891: found /usr/bin/awk
configure:14902: result: awk
configure:15079: checking for grep that handles long lines and -e
configure:15137: result: /usr/bin/grep
configure:15329: checking for egrep
configure:15391: result: /usr/bin/grep -E
configure:15587: checking for fgrep
configure:15649: result: /usr/bin/grep -F
configure:15845: checking for a sed that does not truncate output
configure:15909: result: /usr/bin/sed
configure:16120: checking for cygpath
configure:16153: result: no
configure:16329: checking for wslpath
configure:16362: result: no
configure:16538: checking for df
configure:16556: found /bin/df
configure:16568: result: /bin/df
configure:16747: checking for cpio
configure:16765: found /usr/bin/cpio
configure:16777: result: /usr/bin/cpio
configure:16956: checking for nice
configure:16974: found /usr/bin/nice
configure:16986: result: /usr/bin/nice
configure:17166: checking for lsb_release
configure:17199: result: no
configure:17375: checking for cmd.exe
configure:17408: result: no
configure:17375: checking for /mnt/c/Windows/System32/cmd.exe
configure:17408: result: no
configure:17581: checking build system type
configure:17595: result: x86_64-apple-darwin19.5.0
configure:17615: checking host system type
configure:17628: result: x86_64-apple-darwin19.5.0
configure:17648: checking target system type
configure:17661: result: x86_64-apple-darwin19.5.0
configure:17911: checking openjdk-build os-cpu
configure:17913: result: macosx-x86_64
configure:18123: checking openjdk-target os-cpu
configure:18125: result: macosx-x86_64
configure:18175: checking compilation type
configure:18177: result: native
configure:18711: checking for --enable-deprecated-ports
configure:18749: result: disabled, default
configure:18960: checking for top-level directory
configure:18962: result: /Users/jonah/opensources/openjdk
configure:19802: checking if custom source is suppressed (openjdk-only)
configure:19840: result: disabled, default
configure:20081: checking for --enable-debug
configure:20119: result: disabled, default
configure:20166: checking which debug level to use
configure:20179: result: release
configure:20237: checking which variants of the JVM to build
configure:20242: result: server
configure:20321: checking if absolute paths should be allowed in the build output
configure:20332: result: no, release build
configure:20872: checking for xcodebuild
configure:20903: result: /usr/bin/xcodebuild
configure:20919: checking for sdk name
configure:20928: result: 
configure:20990: checking for sysroot
configure:20992: result: /Applications/Xcode10.1.app/Contents/Developer/Platforms/MacOSX.platform/Developer/SDKs/MacOSX10.14.sdk
configure:20994: checking for toolchain path
configure:20996: result: 
configure:20998: checking for extra path
configure:21000: result: 
configure:21016: checking where to store configuration
configure:21025: result: in default location
configure:21085: checking what configuration name to use
configure:21087: result: macosx-x86_64-server-release
configure:21438: checking for zypper
configure:21468: result: no
configure:21438: checking for apt-get
configure:21468: result: no
configure:21438: checking for yum
configure:21468: result: no
configure:21438: checking for brew
configure:21454: found /usr/local/bin/brew
configure:21465: result: brew
configure:21491: checking for pandoc
configure:21524: result: no
configure:21726: checking for gmake
configure:21759: result: no
configure:22307: checking for make
configure:22325: found /usr/bin/make
configure:22337: result: /usr/bin/make
configure:22362: Testing potential make at /usr/bin/make, found using make in PATH
configure:27047: Using GNU make at /usr/bin/make (version: GNU Make 3.81)
configure:27052: checking if make --output-sync is supported
configure:27076: result: no
configure:27086: checking if find supports -delete
configure:27107: result: yes
configure:27126: checking what type of tar was found
configure:27128: result: bsd
configure:27157: checking that grep (/usr/bin/grep) -Fx handles empty lines in the pattern list correctly
configure:27168: result: yes
configure:27193: checking for unzip
configure:27211: found /usr/bin/unzip
configure:27223: result: /usr/bin/unzip
configure:27411: checking for zip
configure:27429: found /usr/bin/zip
configure:27441: result: /usr/bin/zip
configure:27629: checking for ldd
configure:27662: result: no
configure:27844: checking for greadelf
configure:27877: result: no
configure:27844: checking for readelf
configure:27877: result: no
configure:28053: checking for dot
configure:28086: result: no
configure:28262: checking for hg
configure:28295: result: no
configure:28471: checking for git
configure:28489: found /usr/local/bin/git
configure:28501: result: /usr/local/bin/git
configure:28680: checking for stat
configure:28698: found /usr/bin/stat
configure:28710: result: /usr/bin/stat
configure:28889: checking for time
configure:28907: found /usr/bin/time
configure:28919: result: /usr/bin/time
configure:29098: checking for flock
configure:29131: result: no
configure:29309: checking for dtrace
configure:29328: found /usr/sbin/dtrace
configure:29340: result: /usr/sbin/dtrace
configure:29520: checking for gpatch
configure:29553: result: no
configure:29520: checking for patch
configure:29538: found /usr/bin/patch
configure:29550: result: /usr/bin/patch
configure:29740: checking for dsymutil
configure:29758: found /usr/bin/dsymutil
configure:29770: result: /usr/bin/dsymutil
configure:29956: checking for mig
configure:29974: found /usr/bin/mig
configure:29986: result: /usr/bin/mig
configure:30172: checking for xattr
configure:30190: found /usr/bin/xattr
configure:30202: result: /usr/bin/xattr
configure:30387: checking for codesign
configure:30405: found /usr/bin/codesign
configure:30417: result: /usr/bin/codesign
configure:30602: checking if codesign certificate is present
configure:30613: result: yes
configure:30616: checking if codesign has --option runtime
configure:30626: result: yes
configure:30643: checking for SetFile
configure:30661: found /usr/bin/SetFile
configure:30673: result: /usr/bin/SetFile
configure:31077: checking for ulimit
configure:31095: found /usr/bin/ulimit
configure:31107: result: /usr/bin/ulimit
configure:31297: checking bash version
configure:31299: result: 3.2.57
configure:31309: checking if bash supports pipefail
configure:31313: result: yes
configure:31320: checking if bash supports errexit (-e)
configure:31324: result: yes
configure:31384: checking for pkg-config
configure:31402: found /usr/local/bin/pkg-config
configure:31414: result: /usr/local/bin/pkg-config
configure:31439: checking pkg-config is at least version 0.9.0
configure:31442: result: yes
configure:31493: checking for default LOG value
configure:31502: result: 
configure:31704: checking if packaged modules are kept
configure:31736: result: enabled, default
configure:32489: checking for version string
configure:32491: result: 15-internal+0-adhoc.jonah.openjdk
configure:32979: Found potential Boot JDK using /usr/libexec/java_home 
configure:33345: checking for Boot JDK
configure:33347: result: /Library/Java/JavaVirtualMachines/jdk-14.0.1.jdk/Contents/Home
configure:33349: checking Boot JDK version
configure:33352: result: openjdk version "14.0.1" 2020-04-14 OpenJDK Runtime Environment (build 14.0.1+7) OpenJDK 64-Bit Server VM (build 14.0.1+7, mixed mode, sharing) 
configure:42891: checking for java in Boot JDK
configure:42901: result: ok
configure:43041: checking for javac in Boot JDK
configure:43051: result: ok
configure:43191: checking for javadoc in Boot JDK
configure:43201: result: ok
configure:43341: checking for jar in Boot JDK
configure:43351: result: ok
configure:43491: checking for jarsigner in Boot JDK
configure:43501: result: ok
configure:43649: checking if Boot JDK is 32 or 64 bits
configure:43651: result: 64
configure:43655: checking for local Boot JDK Class Data Sharing (CDS)
Check if jvm arg is ok: -XX:+UnlockDiagnosticVMOptions -XX:-VerifySharedSpaces -XX:SharedArchiveFile=/Users/jonah/opensources/openjdk/build/macosx-x86_64-server-release/configure-support/classes.jsa
Command: /Library/Java/JavaVirtualMachines/jdk-14.0.1.jdk/Contents/Home/bin/java -XX:+UnlockDiagnosticVMOptions -XX:-VerifySharedSpaces -XX:SharedArchiveFile=/Users/jonah/opensources/openjdk/build/macosx-x86_64-server-release/configure-support/classes.jsa -version
configure:43679: result: yes, created
configure:43701: checking for jjs in Boot JDK
configure:43712: result: ok
configure:44245: checking for Build JDK
configure:44247: result: yes, will use output dir
configure:44467: checking if we should build headless-only (no GUI)
configure:44505: result: disabled, default
configure:44755: checking if linker should clean out unused code (linktime-gc)
configure:44793: result: disabled, default
configure:44843: checking for graphviz dot
configure:44849: result: no, cannot generate full docs
configure:44854: checking for pandoc
configure:44860: result: no, cannot generate full docs
configure:45061: checking for --enable-full-docs
configure:45099: result: disabled, from default 'auto'
configure:45154: checking for cacerts file
configure:45157: result: default
configure:45355: checking for --enable-unlimited-crypto
configure:45387: result: enabled, default
configure:45482: checking for jni library path
configure:45485: result: default
configure: 46100:  checking if static build is available
configure: 46103:  result:  yes
configure:46113: checking if static build is enabled
configure:46151: result: disabled, default
configure:46229: Xcode major version: 10
configure:46356: Using default toolchain clang (clang/LLVM)
configure:49567: checking for clang
configure:49585: found /usr/bin/clang
configure:49597: result: /usr/bin/clang
configure:50147: checking resolved symbolic links for CC
configure:50195: result: no symlink
configure:50331: Using clang C compiler version 10.0.0 [Apple LLVM version 10.0.0 (clang-1000.11.45.5) Target: x86_64-apple-darwin19.5.0 Thread model: posix InstalledDir: /Applications/Xcode10.1.app/Contents/Developer/Toolchains/XcodeDefault.xctoolchain/usr/bin]
configure:50448: checking for C compiler version
configure:50457: /usr/bin/clang --version >&5
Apple LLVM version 10.0.0 (clang-1000.11.45.5)
Target: x86_64-apple-darwin19.5.0
Thread model: posix
InstalledDir: /Applications/Xcode10.1.app/Contents/Developer/Toolchains/XcodeDefault.xctoolchain/usr/bin
configure:50468: $? = 0
configure:50457: /usr/bin/clang -v >&5
Apple LLVM version 10.0.0 (clang-1000.11.45.5)
Target: x86_64-apple-darwin19.5.0
Thread model: posix
InstalledDir: /Applications/Xcode10.1.app/Contents/Developer/Toolchains/XcodeDefault.xctoolchain/usr/bin
configure:50468: $? = 0
configure:50457: /usr/bin/clang -V >&5
clang: error: argument to '-V' is missing (expected 1 value)
clang: error: no input files
configure:50468: $? = 1
configure:50457: /usr/bin/clang -qversion >&5
clang: error: unknown argument: '-qversion'
clang: error: no input files
configure:50468: $? = 1
configure:50488: checking whether the C compiler works
configure:50510: /usr/bin/clang -m64 -isysroot /Applications/Xcode10.1.app/Contents/Developer/Platforms/MacOSX.platform/Developer/SDKs/MacOSX10.14.sdk -iframework /Applications/Xcode10.1.app/Contents/Developer/Platforms/MacOSX.platform/Developer/SDKs/MacOSX10.14.sdk/System/Library/Frameworks -F /Applications/Xcode10.1.app/Contents/Developer/Platforms/MacOSX.platform/Developer/SDKs/MacOSX10.14.sdk/System/Library/Frameworks/JavaVM.framework/Frameworks  -isysroot /Applications/Xcode10.1.app/Contents/Developer/Platforms/MacOSX.platform/Developer/SDKs/MacOSX10.14.sdk -iframework /Applications/Xcode10.1.app/Contents/Developer/Platforms/MacOSX.platform/Developer/SDKs/MacOSX10.14.sdk/System/Library/Frameworks -F /Applications/Xcode10.1.app/Contents/Developer/Platforms/MacOSX.platform/Developer/SDKs/MacOSX10.14.sdk/System/Library/Frameworks/JavaVM.framework/Frameworks -m64 -isysroot /Applications/Xcode10.1.app/Contents/Developer/Platforms/MacOSX.platform/Developer/SDKs/MacOSX10.14.sdk -iframework /Applications/Xcode10.1.app/Contents/Developer/Platforms/MacOSX.platform/Developer/SDKs/MacOSX10.14.sdk/System/Library/Frameworks -F /Applications/Xcode10.1.app/Contents/Developer/Platforms/MacOSX.platform/Developer/SDKs/MacOSX10.14.sdk/System/Library/Frameworks/JavaVM.framework/Frameworks  conftest.c  >&5
configure:50514: $? = 0
configure:50562: result: yes
configure:50565: checking for C compiler default output file name
configure:50567: result: a.out
configure:50573: checking for suffix of executables
configure:50580: /usr/bin/clang -o conftest -m64 -isysroot /Applications/Xcode10.1.app/Contents/Developer/Platforms/MacOSX.platform/Developer/SDKs/MacOSX10.14.sdk -iframework /Applications/Xcode10.1.app/Contents/Developer/Platforms/MacOSX.platform/Developer/SDKs/MacOSX10.14.sdk/System/Library/Frameworks -F /Applications/Xcode10.1.app/Contents/Developer/Platforms/MacOSX.platform/Developer/SDKs/MacOSX10.14.sdk/System/Library/Frameworks/JavaVM.framework/Frameworks  -isysroot /Applications/Xcode10.1.app/Contents/Developer/Platforms/MacOSX.platform/Developer/SDKs/MacOSX10.14.sdk -iframework /Applications/Xcode10.1.app/Contents/Developer/Platforms/MacOSX.platform/Developer/SDKs/MacOSX10.14.sdk/System/Library/Frameworks -F /Applications/Xcode10.1.app/Contents/Developer/Platforms/MacOSX.platform/Developer/SDKs/MacOSX10.14.sdk/System/Library/Frameworks/JavaVM.framework/Frameworks -m64 -isysroot /Applications/Xcode10.1.app/Contents/Developer/Platforms/MacOSX.platform/Developer/SDKs/MacOSX10.14.sdk -iframework /Applications/Xcode10.1.app/Contents/Developer/Platforms/MacOSX.platform/Developer/SDKs/MacOSX10.14.sdk/System/Library/Frameworks -F /Applications/Xcode10.1.app/Contents/Developer/Platforms/MacOSX.platform/Developer/SDKs/MacOSX10.14.sdk/System/Library/Frameworks/JavaVM.framework/Frameworks  conftest.c  >&5
configure:50584: $? = 0
configure:50606: result: 
configure:50628: checking whether we are cross compiling
configure:50636: /usr/bin/clang -o conftest -m64 -isysroot /Applications/Xcode10.1.app/Contents/Developer/Platforms/MacOSX.platform/Developer/SDKs/MacOSX10.14.sdk -iframework /Applications/Xcode10.1.app/Contents/Developer/Platforms/MacOSX.platform/Developer/SDKs/MacOSX10.14.sdk/System/Library/Frameworks -F /Applications/Xcode10.1.app/Contents/Developer/Platforms/MacOSX.platform/Developer/SDKs/MacOSX10.14.sdk/System/Library/Frameworks/JavaVM.framework/Frameworks  -isysroot /Applications/Xcode10.1.app/Contents/Developer/Platforms/MacOSX.platform/Developer/SDKs/MacOSX10.14.sdk -iframework /Applications/Xcode10.1.app/Contents/Developer/Platforms/MacOSX.platform/Developer/SDKs/MacOSX10.14.sdk/System/Library/Frameworks -F /Applications/Xcode10.1.app/Contents/Developer/Platforms/MacOSX.platform/Developer/SDKs/MacOSX10.14.sdk/System/Library/Frameworks/JavaVM.framework/Frameworks -m64 -isysroot /Applications/Xcode10.1.app/Contents/Developer/Platforms/MacOSX.platform/Developer/SDKs/MacOSX10.14.sdk -iframework /Applications/Xcode10.1.app/Contents/Developer/Platforms/MacOSX.platform/Developer/SDKs/MacOSX10.14.sdk/System/Library/Frameworks -F /Applications/Xcode10.1.app/Contents/Developer/Platforms/MacOSX.platform/Developer/SDKs/MacOSX10.14.sdk/System/Library/Frameworks/JavaVM.framework/Frameworks  conftest.c  >&5
configure:50640: $? = 0
configure:50647: ./conftest
configure:50651: $? = 0
configure:50666: result: no
configure:50671: checking for suffix of object files
configure:50693: /usr/bin/clang -c -m64 -isysroot /Applications/Xcode10.1.app/Contents/Developer/Platforms/MacOSX.platform/Developer/SDKs/MacOSX10.14.sdk -iframework /Applications/Xcode10.1.app/Contents/Developer/Platforms/MacOSX.platform/Developer/SDKs/MacOSX10.14.sdk/System/Library/Frameworks -F /Applications/Xcode10.1.app/Contents/Developer/Platforms/MacOSX.platform/Developer/SDKs/MacOSX10.14.sdk/System/Library/Frameworks/JavaVM.framework/Frameworks  -isysroot /Applications/Xcode10.1.app/Contents/Developer/Platforms/MacOSX.platform/Developer/SDKs/MacOSX10.14.sdk -iframework /Applications/Xcode10.1.app/Contents/Developer/Platforms/MacOSX.platform/Developer/SDKs/MacOSX10.14.sdk/System/Library/Frameworks -F /Applications/Xcode10.1.app/Contents/Developer/Platforms/MacOSX.platform/Developer/SDKs/MacOSX10.14.sdk/System/Library/Frameworks/JavaVM.framework/Frameworks conftest.c >&5
configure:50697: $? = 0
configure:50718: result: o
configure:50722: checking whether we are using the GNU C compiler
configure:50741: /usr/bin/clang -c -m64 -isysroot /Applications/Xcode10.1.app/Contents/Developer/Platforms/MacOSX.platform/Developer/SDKs/MacOSX10.14.sdk -iframework /Applications/Xcode10.1.app/Contents/Developer/Platforms/MacOSX.platform/Developer/SDKs/MacOSX10.14.sdk/System/Library/Frameworks -F /Applications/Xcode10.1.app/Contents/Developer/Platforms/MacOSX.platform/Developer/SDKs/MacOSX10.14.sdk/System/Library/Frameworks/JavaVM.framework/Frameworks  -isysroot /Applications/Xcode10.1.app/Contents/Developer/Platforms/MacOSX.platform/Developer/SDKs/MacOSX10.14.sdk -iframework /Applications/Xcode10.1.app/Contents/Developer/Platforms/MacOSX.platform/Developer/SDKs/MacOSX10.14.sdk/System/Library/Frameworks -F /Applications/Xcode10.1.app/Contents/Developer/Platforms/MacOSX.platform/Developer/SDKs/MacOSX10.14.sdk/System/Library/Frameworks/JavaVM.framework/Frameworks conftest.c >&5
configure:50741: $? = 0
configure:50750: result: yes
configure:50759: checking whether /usr/bin/clang accepts -g
configure:50779: /usr/bin/clang -c -g -isysroot /Applications/Xcode10.1.app/Contents/Developer/Platforms/MacOSX.platform/Developer/SDKs/MacOSX10.14.sdk -iframework /Applications/Xcode10.1.app/Contents/Developer/Platforms/MacOSX.platform/Developer/SDKs/MacOSX10.14.sdk/System/Library/Frameworks -F /Applications/Xcode10.1.app/Contents/Developer/Platforms/MacOSX.platform/Developer/SDKs/MacOSX10.14.sdk/System/Library/Frameworks/JavaVM.framework/Frameworks conftest.c >&5
configure:50779: $? = 0
configure:50820: result: yes
configure:50837: checking for /usr/bin/clang option to accept ISO C89
configure:50900: /usr/bin/clang  -c -m64 -isysroot /Applications/Xcode10.1.app/Contents/Developer/Platforms/MacOSX.platform/Developer/SDKs/MacOSX10.14.sdk -iframework /Applications/Xcode10.1.app/Contents/Developer/Platforms/MacOSX.platform/Developer/SDKs/MacOSX10.14.sdk/System/Library/Frameworks -F /Applications/Xcode10.1.app/Contents/Developer/Platforms/MacOSX.platform/Developer/SDKs/MacOSX10.14.sdk/System/Library/Frameworks/JavaVM.framework/Frameworks  -isysroot /Applications/Xcode10.1.app/Contents/Developer/Platforms/MacOSX.platform/Developer/SDKs/MacOSX10.14.sdk -iframework /Applications/Xcode10.1.app/Contents/Developer/Platforms/MacOSX.platform/Developer/SDKs/MacOSX10.14.sdk/System/Library/Frameworks -F /Applications/Xcode10.1.app/Contents/Developer/Platforms/MacOSX.platform/Developer/SDKs/MacOSX10.14.sdk/System/Library/Frameworks/JavaVM.framework/Frameworks conftest.c >&5
configure:50900: $? = 0
configure:50913: result: none needed
configure:51170: checking for clang++
configure:51188: found /usr/bin/clang++
configure:51200: result: /usr/bin/clang++
configure:51750: checking resolved symbolic links for CXX
configure:51798: result: no symlink
configure:51934: Using clang C++ compiler version 10.0.0 [Apple LLVM version 10.0.0 (clang-1000.11.45.5) Target: x86_64-apple-darwin19.5.0 Thread model: posix InstalledDir: /Applications/Xcode10.1.app/Contents/Developer/Toolchains/XcodeDefault.xctoolchain/usr/bin]
configure:52051: checking for C++ compiler version
configure:52060: /usr/bin/clang++ --version >&5
Apple LLVM version 10.0.0 (clang-1000.11.45.5)
Target: x86_64-apple-darwin19.5.0
Thread model: posix
InstalledDir: /Applications/Xcode10.1.app/Contents/Developer/Toolchains/XcodeDefault.xctoolchain/usr/bin
configure:52071: $? = 0
configure:52060: /usr/bin/clang++ -v >&5
Apple LLVM version 10.0.0 (clang-1000.11.45.5)
Target: x86_64-apple-darwin19.5.0
Thread model: posix
InstalledDir: /Applications/Xcode10.1.app/Contents/Developer/Toolchains/XcodeDefault.xctoolchain/usr/bin
configure:52071: $? = 0
configure:52060: /usr/bin/clang++ -V >&5
clang: error: argument to '-V' is missing (expected 1 value)
clang: error: no input files
configure:52071: $? = 1
configure:52060: /usr/bin/clang++ -qversion >&5
clang: error: unknown argument: '-qversion'
clang: error: no input files
configure:52071: $? = 1
configure:52075: checking whether we are using the GNU C++ compiler
configure:52094: /usr/bin/clang++ -c -m64 -isysroot /Applications/Xcode10.1.app/Contents/Developer/Platforms/MacOSX.platform/Developer/SDKs/MacOSX10.14.sdk -iframework /Applications/Xcode10.1.app/Contents/Developer/Platforms/MacOSX.platform/Developer/SDKs/MacOSX10.14.sdk/System/Library/Frameworks -F /Applications/Xcode10.1.app/Contents/Developer/Platforms/MacOSX.platform/Developer/SDKs/MacOSX10.14.sdk/System/Library/Frameworks/JavaVM.framework/Frameworks  -isysroot /Applications/Xcode10.1.app/Contents/Developer/Platforms/MacOSX.platform/Developer/SDKs/MacOSX10.14.sdk -iframework /Applications/Xcode10.1.app/Contents/Developer/Platforms/MacOSX.platform/Developer/SDKs/MacOSX10.14.sdk/System/Library/Frameworks -F /Applications/Xcode10.1.app/Contents/Developer/Platforms/MacOSX.platform/Developer/SDKs/MacOSX10.14.sdk/System/Library/Frameworks/JavaVM.framework/Frameworks conftest.cpp >&5
configure:52094: $? = 0
configure:52103: result: yes
configure:52112: checking whether /usr/bin/clang++ accepts -g
configure:52132: /usr/bin/clang++ -c -g -isysroot /Applications/Xcode10.1.app/Contents/Developer/Platforms/MacOSX.platform/Developer/SDKs/MacOSX10.14.sdk -iframework /Applications/Xcode10.1.app/Contents/Developer/Platforms/MacOSX.platform/Developer/SDKs/MacOSX10.14.sdk/System/Library/Frameworks -F /Applications/Xcode10.1.app/Contents/Developer/Platforms/MacOSX.platform/Developer/SDKs/MacOSX10.14.sdk/System/Library/Frameworks/JavaVM.framework/Frameworks conftest.cpp >&5
configure:52132: $? = 0
configure:52173: result: yes
configure:52324: checking how to run the C preprocessor
configure:52355: /usr/bin/clang -E -isysroot /Applications/Xcode10.1.app/Contents/Developer/Platforms/MacOSX.platform/Developer/SDKs/MacOSX10.14.sdk -iframework /Applications/Xcode10.1.app/Contents/Developer/Platforms/MacOSX.platform/Developer/SDKs/MacOSX10.14.sdk/System/Library/Frameworks -F /Applications/Xcode10.1.app/Contents/Developer/Platforms/MacOSX.platform/Developer/SDKs/MacOSX10.14.sdk/System/Library/Frameworks/JavaVM.framework/Frameworks conftest.c
configure:52355: $? = 0
configure:52369: /usr/bin/clang -E -isysroot /Applications/Xcode10.1.app/Contents/Developer/Platforms/MacOSX.platform/Developer/SDKs/MacOSX10.14.sdk -iframework /Applications/Xcode10.1.app/Contents/Developer/Platforms/MacOSX.platform/Developer/SDKs/MacOSX10.14.sdk/System/Library/Frameworks -F /Applications/Xcode10.1.app/Contents/Developer/Platforms/MacOSX.platform/Developer/SDKs/MacOSX10.14.sdk/System/Library/Frameworks/JavaVM.framework/Frameworks conftest.c
conftest.c:9:10: fatal error: 'ac_nonexistent.h' file not found
#include <ac_nonexistent.h>
         ^~~~~~~~~~~~~~~~~~
1 error generated.
configure:52369: $? = 1
configure: failed program was:
| /* confdefs.h */
| #define PACKAGE_NAME "OpenJDK"
| #define PACKAGE_TARNAME "openjdk"
| #define PACKAGE_VERSION "openjdk"
| #define PACKAGE_STRING "OpenJDK openjdk"
| #define PACKAGE_BUGREPORT "build-dev@openjdk.java.net"
| #define PACKAGE_URL "http://openjdk.java.net"
| /* end confdefs.h.  */
| #include <ac_nonexistent.h>
configure:52394: result: /usr/bin/clang -E
configure:52414: /usr/bin/clang -E -isysroot /Applications/Xcode10.1.app/Contents/Developer/Platforms/MacOSX.platform/Developer/SDKs/MacOSX10.14.sdk -iframework /Applications/Xcode10.1.app/Contents/Developer/Platforms/MacOSX.platform/Developer/SDKs/MacOSX10.14.sdk/System/Library/Frameworks -F /Applications/Xcode10.1.app/Contents/Developer/Platforms/MacOSX.platform/Developer/SDKs/MacOSX10.14.sdk/System/Library/Frameworks/JavaVM.framework/Frameworks conftest.c
configure:52414: $? = 0
configure:52428: /usr/bin/clang -E -isysroot /Applications/Xcode10.1.app/Contents/Developer/Platforms/MacOSX.platform/Developer/SDKs/MacOSX10.14.sdk -iframework /Applications/Xcode10.1.app/Contents/Developer/Platforms/MacOSX.platform/Developer/SDKs/MacOSX10.14.sdk/System/Library/Frameworks -F /Applications/Xcode10.1.app/Contents/Developer/Platforms/MacOSX.platform/Developer/SDKs/MacOSX10.14.sdk/System/Library/Frameworks/JavaVM.framework/Frameworks conftest.c
conftest.c:9:10: fatal error: 'ac_nonexistent.h' file not found
#include <ac_nonexistent.h>
         ^~~~~~~~~~~~~~~~~~
1 error generated.
configure:52428: $? = 1
configure: failed program was:
| /* confdefs.h */
| #define PACKAGE_NAME "OpenJDK"
| #define PACKAGE_TARNAME "openjdk"
| #define PACKAGE_VERSION "openjdk"
| #define PACKAGE_STRING "OpenJDK openjdk"
| #define PACKAGE_BUGREPORT "build-dev@openjdk.java.net"
| #define PACKAGE_URL "http://openjdk.java.net"
| /* end confdefs.h.  */
| #include <ac_nonexistent.h>
configure:52942: checking how to run the C++ preprocessor
configure:52969: /usr/bin/clang++ -E -isysroot /Applications/Xcode10.1.app/Contents/Developer/Platforms/MacOSX.platform/Developer/SDKs/MacOSX10.14.sdk -iframework /Applications/Xcode10.1.app/Contents/Developer/Platforms/MacOSX.platform/Developer/SDKs/MacOSX10.14.sdk/System/Library/Frameworks -F /Applications/Xcode10.1.app/Contents/Developer/Platforms/MacOSX.platform/Developer/SDKs/MacOSX10.14.sdk/System/Library/Frameworks/JavaVM.framework/Frameworks conftest.cpp
configure:52969: $? = 0
configure:52983: /usr/bin/clang++ -E -isysroot /Applications/Xcode10.1.app/Contents/Developer/Platforms/MacOSX.platform/Developer/SDKs/MacOSX10.14.sdk -iframework /Applications/Xcode10.1.app/Contents/Developer/Platforms/MacOSX.platform/Developer/SDKs/MacOSX10.14.sdk/System/Library/Frameworks -F /Applications/Xcode10.1.app/Contents/Developer/Platforms/MacOSX.platform/Developer/SDKs/MacOSX10.14.sdk/System/Library/Frameworks/JavaVM.framework/Frameworks conftest.cpp
conftest.cpp:9:10: fatal error: 'ac_nonexistent.h' file not found
#include <ac_nonexistent.h>
         ^~~~~~~~~~~~~~~~~~
1 error generated.
configure:52983: $? = 1
configure: failed program was:
| /* confdefs.h */
| #define PACKAGE_NAME "OpenJDK"
| #define PACKAGE_TARNAME "openjdk"
| #define PACKAGE_VERSION "openjdk"
| #define PACKAGE_STRING "OpenJDK openjdk"
| #define PACKAGE_BUGREPORT "build-dev@openjdk.java.net"
| #define PACKAGE_URL "http://openjdk.java.net"
| /* end confdefs.h.  */
| #include <ac_nonexistent.h>
configure:53008: result: /usr/bin/clang++ -E
configure:53028: /usr/bin/clang++ -E -isysroot /Applications/Xcode10.1.app/Contents/Developer/Platforms/MacOSX.platform/Developer/SDKs/MacOSX10.14.sdk -iframework /Applications/Xcode10.1.app/Contents/Developer/Platforms/MacOSX.platform/Developer/SDKs/MacOSX10.14.sdk/System/Library/Frameworks -F /Applications/Xcode10.1.app/Contents/Developer/Platforms/MacOSX.platform/Developer/SDKs/MacOSX10.14.sdk/System/Library/Frameworks/JavaVM.framework/Frameworks conftest.cpp
configure:53028: $? = 0
configure:53042: /usr/bin/clang++ -E -isysroot /Applications/Xcode10.1.app/Contents/Developer/Platforms/MacOSX.platform/Developer/SDKs/MacOSX10.14.sdk -iframework /Applications/Xcode10.1.app/Contents/Developer/Platforms/MacOSX.platform/Developer/SDKs/MacOSX10.14.sdk/System/Library/Frameworks -F /Applications/Xcode10.1.app/Contents/Developer/Platforms/MacOSX.platform/Developer/SDKs/MacOSX10.14.sdk/System/Library/Frameworks/JavaVM.framework/Frameworks conftest.cpp
conftest.cpp:9:10: fatal error: 'ac_nonexistent.h' file not found
#include <ac_nonexistent.h>
         ^~~~~~~~~~~~~~~~~~
1 error generated.
configure:53042: $? = 1
configure: failed program was:
| /* confdefs.h */
| #define PACKAGE_NAME "OpenJDK"
| #define PACKAGE_TARNAME "openjdk"
| #define PACKAGE_VERSION "openjdk"
| #define PACKAGE_STRING "OpenJDK openjdk"
| #define PACKAGE_BUGREPORT "build-dev@openjdk.java.net"
| #define PACKAGE_URL "http://openjdk.java.net"
| /* end confdefs.h.  */
| #include <ac_nonexistent.h>
configure:54170: checking for ld
configure:54186: found /usr/bin/ld
configure:54197: result: ld
configure:54909: Rewriting LD_JAOTC to "/usr/bin/ld"
configure:54988: Using clang linker version 409.12 [@(#)PROGRAM:ld  PROJECT:ld64-409.12]
configure:56220: checking for ar
configure:56236: found /usr/bin/ar
configure:56247: result: ar
configure:56960: Rewriting AR to "/usr/bin/ar"
configure:56979: checking for lipo
configure:56997: found /usr/bin/lipo
configure:57009: result: /usr/bin/lipo
configure:57670: checking for otool
configure:57688: found /usr/bin/otool
configure:57700: result: /usr/bin/otool
configure:58367: checking for install_name_tool
configure:58385: found /usr/bin/install_name_tool
configure:58397: result: /usr/bin/install_name_tool
configure:62819: checking for strip
configure:62835: found /usr/bin/strip
configure:62846: result: strip
configure:63558: Rewriting STRIP to "/usr/bin/strip"
configure:63940: checking for nm
configure:63956: found /usr/bin/nm
configure:63967: result: nm
configure:64680: Rewriting NM to "/usr/bin/nm"
configure:65595: checking for gobjdump
configure:65625: result: no
configure:65595: checking for objdump
configure:65611: found /usr/bin/objdump
configure:65622: result: objdump
configure:66337: Rewriting OBJDUMP to "/usr/bin/objdump"
configure:66402: checking for c++filt
configure:66418: found /usr/bin/c++filt
configure:66429: result: c++filt
configure:67146: Rewriting CXXFILT to "/usr/bin/c++filt"
configure:72552: checking for jtreg
configure:72585: result: no
configure:72764: checking for jtreg test harness
configure:72770: result: no, not found
configure:72774: error: --with-jtreg was specified, but no jtreg found.
